Сбор информации о конфигурации системы перед запуском эксперимента...
Дата и время: Ср 25 дек 2024 13:01:51 MSK
---------------------------------------
Общий объём оперативной памяти:
1,9Gi

Объём раздела подкачки:
2,6Gi

Размер страницы виртуальной памяти:
4096

Объём свободной физической памяти:
Свободно: 265Mi

Объём свободного пространства в разделе подкачки:
Свободно: 2,6Gi
---------------------------------------

Запуск 1 этапа 1 эксперимента...
Запущен скрипт: mem.bash (PID 2149)
Запуск мониторинга процесса mem.bash через top...
Процесс mem.bash завершен.
Сбор последних сообщений из системного журнала для mem.bash...
Последние сообщения из dmesg сохранены в ../logs/dmesg1.log
Сбор финальных данных после завершения эксперимента...

Последняя строка из ../logs/report.log:
Шаг 4900000: 49000000

Этап завершён. Все результаты сохранены в файлы:
1. Начальные данные: ../logs/system_info1.log
2. Снапшоты top: ../logs/top_mem_processes1.log
3. Последние сообщения dmesg: ../logs/dmesg1.log
4. Отчёты скрипта: ../logs/report.log
