Сбор информации о конфигурации системы перед запуском эксперимента...
Дата и время: Ср 25 дек 2024 15:23:03 MSK
---------------------------------------
Общий объём оперативной памяти:
1,9Gi

Объём раздела подкачки:
2,6Gi

Размер страницы виртуальной памяти:
4096

Объём свободной физической памяти:
Свободно: 222Mi

Объём свободного пространства в разделе подкачки:
Свободно: 2,6Gi
---------------------------------------

Запуск 2 этапа 1 эксперимента...
Запущен скрипт: mem.bash (PID 2483)
Запущен скрипт: mem2.bash (PID 2484)
Запуск мониторинга процесса mem.bash и mem2.bash через top...
Процесс mem.bash завершен.
Процесс mem2.bash завершен.
Сбор последних сообщений из системного журнала для mem2.bash...
Последние сообщения из dmesg сохранены в ../logs/dmesg2.log
Сбор финальных данных после завершения эксперимента...

Последняя строка из ../logs/report2_1.log:
Шаг 4800000: 48000000

Последняя строка из ../logs/report2.log:
Шаг 2500000: 25000000

Этап завершён. Все результаты сохранены в файлы:
1. Начальные данные: ../logs/system_info2.log
2. Снапшоты top: ../logs/top_mem_processes2.log
3. Последние сообщения dmesg: ../logs/dmesg2.log
4. Отчёты скрипта mem.bash: ../logs/report2_1.log
5. Отчёты скрипта mem2.bash: ../logs/report2.log
