MiB Mem :   1967,9 total,    234,4 free,    883,1 used,    850,4 buff/cache
MiB Swap:   2680,0 total,   2680,0 free,      0,0 used.    929,2 avail Mem 

MiB Mem :   1967,9 total,     92,7 free,   1024,8 used,    850,4 buff/cache
MiB Swap:   2680,0 total,   2680,0 free,      0,0 used.    787,5 avail Mem 

MiB Mem :   1967,9 total,    120,2 free,   1213,9 used,    633,8 buff/cache
MiB Swap:   2680,0 total,   2679,7 free,      0,3 used.    599,9 avail Mem 

MiB Mem :   1967,9 total,    121,9 free,   1410,5 used,    435,6 buff/cache
MiB Swap:   2680,0 total,   2670,2 free,      9,8 used.    404,0 avail Mem 

MiB Mem :   1967,9 total,     68,8 free,   1463,7 used,    435,4 buff/cache
MiB Swap:   2680,0 total,   2634,7 free,     45,3 used.    350,8 avail Mem 

MiB Mem :   1967,9 total,     85,4 free,   1601,8 used,    280,7 buff/cache
MiB Swap:   2680,0 total,   2552,7 free,    127,2 used.    213,4 avail Mem 

MiB Mem :   1967,9 total,     59,6 free,   1771,6 used,    136,8 buff/cache
MiB Swap:   2680,0 total,   2364,9 free,    315,1 used.     49,3 avail Mem 

MiB Mem :   1967,9 total,     56,2 free,   1793,6 used,    118,2 buff/cache
MiB Swap:   2680,0 total,   2127,2 free,    552,8 used.     37,0 avail Mem 

MiB Mem :   1967,9 total,     86,8 free,   1763,2 used,    118,0 buff/cache
MiB Swap:   2680,0 total,   2062,2 free,    617,8 used.     67,6 avail Mem 

MiB Mem :   1967,9 total,     84,6 free,   1769,9 used,    113,4 buff/cache
MiB Swap:   2680,0 total,   1979,7 free,    700,3 used.     63,1 avail Mem 

MiB Mem :   1967,9 total,     90,0 free,   1764,8 used,    113,1 buff/cache
MiB Swap:   2680,0 total,   1919,2 free,    760,8 used.     68,4 avail Mem 

MiB Mem :   1967,9 total,     74,5 free,   1812,3 used,     81,2 buff/cache
MiB Swap:   2680,0 total,   1856,9 free,    823,1 used.     37,0 avail Mem 

MiB Mem :   1967,9 total,     86,4 free,   1828,0 used,     53,4 buff/cache
MiB Swap:   2680,0 total,   1763,3 free,    916,7 used.     38,9 avail Mem 

MiB Mem :   1967,9 total,     85,5 free,   1828,6 used,     53,8 buff/cache
MiB Swap:   2680,0 total,   1716,6 free,    963,4 used.     38,1 avail Mem 

MiB Mem :   1967,9 total,     85,7 free,   1822,0 used,     60,2 buff/cache
MiB Swap:   2680,0 total,   1669,9 free,   1010,1 used.     41,5 avail Mem 

MiB Mem :   1967,9 total,     83,4 free,   1826,8 used,     57,7 buff/cache
MiB Swap:   2680,0 total,   1687,5 free,    992,5 used.     38,0 avail Mem 

MiB Mem :   1967,9 total,     87,5 free,   1810,6 used,     69,9 buff/cache
MiB Swap:   2680,0 total,   1626,9 free,   1053,1 used.     48,2 avail Mem 

MiB Mem :   1967,9 total,     68,1 free,   1823,7 used,     76,2 buff/cache
MiB Swap:   2680,0 total,   1563,1 free,   1116,9 used.     31,9 avail Mem 

MiB Mem :   1967,9 total,     72,2 free,   1818,4 used,     77,3 buff/cache
MiB Swap:   2680,0 total,   1515,4 free,   1164,6 used.     36,6 avail Mem 

MiB Mem :   1967,9 total,     69,4 free,   1821,2 used,     77,3 buff/cache
MiB Swap:   2680,0 total,   1462,1 free,   1217,9 used.     33,8 avail Mem 

MiB Mem :   1967,9 total,     70,8 free,   1818,6 used,     78,5 buff/cache
MiB Swap:   2680,0 total,   1413,0 free,   1267,0 used.     35,8 avail Mem 

MiB Mem :   1967,9 total,     79,1 free,   1812,7 used,     76,2 buff/cache
MiB Swap:   2680,0 total,   1361,5 free,   1318,5 used.     42,9 avail Mem 

MiB Mem :   1967,9 total,     84,8 free,   1807,0 used,     76,2 buff/cache
MiB Swap:   2680,0 total,   1315,1 free,   1364,9 used.     48,6 avail Mem 

MiB Mem :   1967,9 total,     93,9 free,   1797,7 used,     76,3 buff/cache
MiB Swap:   2680,0 total,   1266,6 free,   1413,4 used.     57,8 avail Mem 

MiB Mem :   1967,9 total,     85,8 free,   1807,2 used,     74,9 buff/cache
MiB Swap:   2680,0 total,   1223,7 free,   1456,3 used.     49,0 avail Mem 

MiB Mem :   1967,9 total,     82,3 free,   1810,5 used,     75,1 buff/cache
MiB Swap:   2680,0 total,   1181,1 free,   1498,9 used.     45,6 avail Mem 

MiB Mem :   1967,9 total,     92,9 free,   1793,2 used,     81,8 buff/cache
MiB Swap:   2680,0 total,   1129,6 free,   1550,4 used.     59,5 avail Mem 

MiB Mem :   1967,9 total,     60,5 free,   1825,6 used,     81,9 buff/cache
MiB Swap:   2680,0 total,   1083,4 free,   1596,6 used.     27,2 avail Mem 

MiB Mem :   1967,9 total,     59,1 free,   1797,5 used,    111,4 buff/cache
MiB Swap:   2680,0 total,   1003,6 free,   1676,4 used.     40,4 avail Mem 

MiB Mem :   1967,9 total,     67,8 free,   1780,8 used,    119,3 buff/cache
MiB Swap:   2680,0 total,    929,1 free,   1750,9 used.     53,2 avail Mem 

MiB Mem :   1967,9 total,     60,8 free,   1782,7 used,    124,5 buff/cache
MiB Swap:   2680,0 total,    887,1 free,   1792,9 used.     48,8 avail Mem 

MiB Mem :   1967,9 total,     64,5 free,   1756,5 used,    147,0 buff/cache
MiB Swap:   2680,0 total,    798,4 free,   1881,6 used.     68,7 avail Mem 

MiB Mem :   1967,9 total,     70,6 free,   1743,8 used,    153,5 buff/cache
MiB Swap:   2680,0 total,    748,1 free,   1931,9 used.     76,5 avail Mem 

MiB Mem :   1967,9 total,     65,4 free,   1749,1 used,    153,5 buff/cache
MiB Swap:   2680,0 total,    699,1 free,   1980,9 used.     71,3 avail Mem 

MiB Mem :   1967,9 total,     77,2 free,   1737,2 used,    153,5 buff/cache
MiB Swap:   2680,0 total,    640,8 free,   2039,2 used.     83,1 avail Mem 

MiB Mem :   1967,9 total,     87,2 free,   1727,1 used,    153,6 buff/cache
MiB Swap:   2680,0 total,    591,6 free,   2088,4 used.     93,2 avail Mem 

MiB Mem :   1967,9 total,     68,7 free,   1745,5 used,    153,7 buff/cache
MiB Swap:   2680,0 total,    545,9 free,   2134,1 used.     74,8 avail Mem 

MiB Mem :   1967,9 total,     68,8 free,   1745,2 used,    153,9 buff/cache
MiB Swap:   2680,0 total,    499,5 free,   2180,5 used.     74,9 avail Mem 

MiB Mem :   1967,9 total,     78,7 free,   1736,1 used,    153,1 buff/cache
MiB Swap:   2680,0 total,    455,8 free,   2224,2 used.     84,0 avail Mem 

MiB Mem :   1967,9 total,     75,2 free,   1739,4 used,    153,3 buff/cache
MiB Swap:   2680,0 total,    411,4 free,   2268,6 used.     80,7 avail Mem 

MiB Mem :   1967,9 total,     81,1 free,   1734,5 used,    152,3 buff/cache
MiB Swap:   2680,0 total,    361,5 free,   2318,5 used.     85,5 avail Mem 

MiB Mem :   1967,9 total,     70,7 free,   1745,8 used,    151,4 buff/cache
MiB Swap:   2680,0 total,    312,5 free,   2367,5 used.     74,2 avail Mem 

MiB Mem :   1967,9 total,     78,1 free,   1772,4 used,    117,5 buff/cache
MiB Swap:   2680,0 total,    270,6 free,   2409,4 used.     58,7 avail Mem 

MiB Mem :   1967,9 total,     79,4 free,   1790,0 used,     98,5 buff/cache
MiB Swap:   2680,0 total,    228,2 free,   2451,8 used.     50,5 avail Mem 

MiB Mem :   1967,9 total,     79,2 free,   1795,6 used,     93,1 buff/cache
MiB Swap:   2680,0 total,    180,6 free,   2499,4 used.     47,7 avail Mem 

MiB Mem :   1967,9 total,     84,0 free,   1790,8 used,     93,2 buff/cache
MiB Swap:   2680,0 total,    135,9 free,   2544,1 used.     52,5 avail Mem 

MiB Mem :   1967,9 total,     90,2 free,   1796,7 used,     80,9 buff/cache
MiB Swap:   2680,0 total,     90,8 free,   2589,2 used.     52,6 avail Mem 

MiB Mem :   1967,9 total,     70,7 free,   1822,5 used,     74,7 buff/cache
MiB Swap:   2680,0 total,     50,3 free,   2629,7 used.     30,0 avail Mem 

MiB Mem :   1967,9 total,     63,7 free,   1831,6 used,     72,6 buff/cache
MiB Swap:   2680,0 total,     20,5 free,   2659,5 used.     22,0 avail Mem 

MiB Mem :   1967,9 total,     69,4 free,   1867,9 used,     30,6 buff/cache
MiB Swap:   2680,0 total,      0,0 free,   2680,0 used.      6,5 avail Mem 

MiB Mem :   1967,9 total,   1664,4 free,    246,3 used,     57,2 buff/cache
MiB Swap:   2680,0 total,   2125,7 free,    554,3 used.   1615,5 avail Mem 

