MiB Mem :   1967,9 total,    179,2 free,    891,3 used,    897,5 buff/cache
MiB Swap:   2680,0 total,   2680,0 free,      0,0 used.    908,9 avail Mem 
    PID USER      PR  NI    VIRT    RES    SHR S  %CPU  %MEM     TIME+ COMMAND
   2483 vboxuser  20   0   32736  25984   3328 R 100,0   1,3   0:00.18 mem.bash
   2484 vboxuser  20   0   33528  26624   3200 R 100,0   1,3   0:00.17 mem2.ba+
     58 root      20   0       0      0      0 S   0,0   0,0   0:00.00 kswapd0

MiB Mem :   1967,9 total,    118,4 free,   1238,8 used,    610,8 buff/cache
MiB Swap:   2680,0 total,   2679,7 free,      0,3 used.    562,3 avail Mem 
    PID USER      PR  NI    VIRT    RES    SHR S  %CPU  %MEM     TIME+ COMMAND
   2484 vboxuser  20   0  220572 213632   3200 R 100,0  10,6   0:01.41 mem2.ba+
   2483 vboxuser  20   0  210408 203648   3328 R 100,0  10,1   0:01.42 mem.bash
     58 root      20   0       0      0      0 S   8,7   0,0   0:00.09 kswapd0

MiB Mem :   1967,9 total,    125,4 free,   1633,0 used,    209,5 buff/cache
MiB Swap:   2680,0 total,   2501,5 free,    178,5 used.    171,2 avail Mem 
    PID USER      PR  NI    VIRT    RES    SHR S  %CPU  %MEM     TIME+ COMMAND
   2483 vboxuser  20   0  488004 473984   2816 R 100,0  23,5   0:02.99 mem.bash
   2484 vboxuser  20   0  514404 500096   2688 R 100,0  24,8   0:02.98 mem2.ba+
     58 root      20   0       0      0      0 S  35,8   0,0   0:00.71 kswapd0

MiB Mem :   1967,9 total,     72,0 free,   1755,1 used,    140,8 buff/cache
MiB Swap:   2680,0 total,   2283,2 free,    396,8 used.     58,5 avail Mem 
    PID USER      PR  NI    VIRT    RES    SHR S  %CPU  %MEM     TIME+ COMMAND
   2484 vboxuser  20   0  714120 699520   2688 R 100,0  34,7   0:04.23 mem2.ba+
   2483 vboxuser  20   0  615648 601472   2816 R 100,0  29,8   0:04.16 mem.bash
     58 root      20   0       0      0      0 R  30,0   0,0   0:01.16 kswapd0

MiB Mem :   1967,9 total,     56,9 free,   1780,8 used,    130,3 buff/cache
MiB Swap:   2680,0 total,   2063,1 free,    616,8 used.     38,6 avail Mem 
    PID USER      PR  NI    VIRT    RES    SHR S  %CPU  %MEM     TIME+ COMMAND
     58 root      20   0       0      0      0 R  88,2   0,0   0:02.16 kswapd0
   2484 vboxuser  20   0  852192 811136   2688 R  82,4  40,3   0:05.34 mem2.ba+
   2483 vboxuser  20   0  739068 698496   2816 R  70,6  34,7   0:05.23 mem.bash

MiB Mem :   1967,9 total,     57,1 free,   1783,5 used,    127,4 buff/cache
MiB Swap:   2680,0 total,   1960,1 free,    719,9 used.     37,3 avail Mem 
    PID USER      PR  NI    VIRT    RES    SHR S  %CPU  %MEM     TIME+ COMMAND
     58 root      20   0       0      0      0 R  82,4   0,0   0:03.24 kswapd0
   2484 vboxuser  20   0  912120 826624   2688 R  76,5  41,0   0:06.28 mem2.ba+
   2483 vboxuser  20   0  780384 695680   2816 R  58,8  34,5   0:06.20 mem.bash

MiB Mem :   1967,9 total,     54,7 free,   1782,6 used,    130,7 buff/cache
MiB Swap:   2680,0 total,   1861,7 free,    818,3 used.     36,6 avail Mem 
    PID USER      PR  NI    VIRT    RES    SHR S  %CPU  %MEM     TIME+ COMMAND
     58 root      20   0       0      0      0 R  87,5   0,0   0:04.20 kswapd0
   2483 vboxuser  20   0  827376 697088   2816 R  87,5  34,6   0:07.03 mem.bash
   2484 vboxuser  20   0  961752 816256   2688 R  87,5  40,5   0:07.22 mem2.ba+

MiB Mem :   1967,9 total,     63,7 free,   1813,8 used,     90,4 buff/cache
MiB Swap:   2680,0 total,   1693,8 free,    986,2 used.     29,5 avail Mem 
    PID USER      PR  NI    VIRT    RES    SHR S  %CPU  %MEM     TIME+ COMMAND
     58 root      20   0       0      0      0 R  82,4   0,0   0:05.35 kswapd0
   2483 vboxuser  20   0  920172 741888   2688 R  82,4  36,8   0:08.19 mem.bash
   2484 vboxuser  20   0 1088472 900736   2688 R  76,5  44,7   0:08.26 mem2.ba+

MiB Mem :   1967,9 total,     64,0 free,   1814,9 used,     89,1 buff/cache
MiB Swap:   2680,0 total,   1581,3 free,   1098,7 used.     28,9 avail Mem 
    PID USER      PR  NI    VIRT    RES    SHR S  %CPU  %MEM     TIME+ COMMAND
     58 root      20   0       0      0      0 R  72,2   0,0   0:06.43 kswapd0
   2483 vboxuser  20   0  973764 738432   2688 R  66,7  36,6   0:09.17 mem.bash
   2484 vboxuser  20   0 1156056 911488   2816 R  61,1  45,2   0:09.24 mem2.ba+

MiB Mem :   1967,9 total,     62,6 free,   1816,3 used,     89,0 buff/cache
MiB Swap:   2680,0 total,   1495,4 free,   1184,6 used.     27,6 avail Mem 
    PID USER      PR  NI    VIRT    RES    SHR S  %CPU  %MEM     TIME+ COMMAND
   2484 vboxuser  20   0 1197504 907648   2816 R 100,0  45,0   0:10.25 mem2.ba+
     58 root      20   0       0      0      0 R  87,5   0,0   0:07.48 kswapd0
   2483 vboxuser  20   0 1022076 742784   2688 R  87,5  36,9   0:10.17 mem.bash

MiB Mem :   1967,9 total,     65,0 free,   1813,9 used,     89,0 buff/cache
MiB Swap:   2680,0 total,   1400,9 free,   1279,1 used.     30,0 avail Mem 
    PID USER      PR  NI    VIRT    RES    SHR S  %CPU  %MEM     TIME+ COMMAND
     58 root      20   0       0      0      0 R  93,8   0,0   0:08.58 kswapd0
   2483 vboxuser  20   0 1069200 741760   2688 R  87,5  36,8   0:11.19 mem.bash
   2484 vboxuser  20   0 1245420 907904   2816 R  81,2  45,1   0:11.30 mem2.ba+

MiB Mem :   1967,9 total,     62,8 free,   1815,9 used,     89,2 buff/cache
MiB Swap:   2680,0 total,   1311,6 free,   1368,4 used.     27,9 avail Mem 
    PID USER      PR  NI    VIRT    RES    SHR S  %CPU  %MEM     TIME+ COMMAND
     58 root      20   0       0      0      0 R  87,5   0,0   0:09.60 kswapd0
   2484 vboxuser  20   0 1299936 916352   2816 R  75,0  45,5   0:12.29 mem2.ba+
   2483 vboxuser  20   0 1106424 731520   2688 R  68,8  36,3   0:12.20 mem.bash

MiB Mem :   1967,9 total,     63,4 free,   1816,2 used,     88,2 buff/cache
MiB Swap:   2680,0 total,   1212,9 free,   1467,0 used.     28,5 avail Mem 
    PID USER      PR  NI    VIRT    RES    SHR S  %CPU  %MEM     TIME+ COMMAND
     58 root      20   0       0      0      0 R  70,6   0,0   0:10.59 kswapd0
   2484 vboxuser  20   0 1347852 907776   2816 R  70,6  45,0   0:13.19 mem2.ba+
   2483 vboxuser  20   0 1159884 739840   2688 R  58,8  36,7   0:13.15 mem.bash

MiB Mem :   1967,9 total,     64,5 free,   1813,9 used,     89,5 buff/cache
MiB Swap:   2680,0 total,   1122,9 free,   1557,1 used.     30,2 avail Mem 
    PID USER      PR  NI    VIRT    RES    SHR S  %CPU  %MEM     TIME+ COMMAND
     58 root      20   0       0      0      0 R  93,8   0,0   0:11.57 kswapd0
   2483 vboxuser  20   0 1208856 739840   2688 R  93,8  36,7   0:14.09 mem.bash
   2484 vboxuser  20   0 1391016 905216   2816 R  81,2  44,9   0:14.07 mem2.ba+

MiB Mem :   1967,9 total,     63,9 free,   1814,4 used,     89,7 buff/cache
MiB Swap:   2680,0 total,   1020,4 free,   1659,6 used.     29,7 avail Mem 
    PID USER      PR  NI    VIRT    RES    SHR S  %CPU  %MEM     TIME+ COMMAND
   2483 vboxuser  20   0 1269180 758016   2688 R  87,5  37,6   0:15.09 mem.bash
     58 root      20   0       0      0      0 R  81,2   0,0   0:12.65 kswapd0
   2484 vboxuser  20   0 1436028 884864   2816 R  81,2  43,9   0:15.01 mem2.ba+

MiB Mem :   1967,9 total,     64,3 free,   1814,1 used,     89,5 buff/cache
MiB Swap:   2680,0 total,    914,9 free,   1765,1 used.     30,0 avail Mem 
    PID USER      PR  NI    VIRT    RES    SHR S  %CPU  %MEM     TIME+ COMMAND
     58 root      20   0       0      0      0 R 100,0   0,0   0:13.67 kswapd0
   2483 vboxuser  20   0 1330824 793216   2688 R  81,2  39,4   0:16.05 mem.bash
   2484 vboxuser  20   0 1477608 841728   2816 R  81,2  41,8   0:15.97 mem2.ba+

MiB Mem :   1967,9 total,     65,5 free,   1812,9 used,     89,5 buff/cache
MiB Swap:   2680,0 total,    812,6 free,   1867,4 used.     31,2 avail Mem 
    PID USER      PR  NI    VIRT    RES    SHR S  %CPU  %MEM     TIME+ COMMAND
     58 root      20   0       0      0      0 R  82,4   0,0   0:14.67 kswapd0
   2484 vboxuser  20   0 1529616 841088   2816 R  76,5  41,7   0:16.86 mem2.ba+
   2483 vboxuser  20   0 1381380 787840   2688 R  70,6  39,1   0:17.01 mem.bash

MiB Mem :   1967,9 total,     69,1 free,   1809,1 used,     89,7 buff/cache
MiB Swap:   2680,0 total,    721,0 free,   1959,0 used.     34,9 avail Mem 
    PID USER      PR  NI    VIRT    RES    SHR S  %CPU  %MEM     TIME+ COMMAND
     58 root      20   0       0      0      0 R  93,8   0,0   0:15.68 kswapd0
   2483 vboxuser  20   0 1429824 787968   2688 R  87,5  39,1   0:17.92 mem.bash
   2484 vboxuser  20   0 1569084 829568   2816 R  68,8  41,2   0:17.73 mem2.ba+

MiB Mem :   1967,9 total,     65,9 free,   1821,3 used,     80,7 buff/cache
MiB Swap:   2680,0 total,    617,0 free,   2062,9 used.     28,3 avail Mem 
    PID USER      PR  NI    VIRT    RES    SHR S  %CPU  %MEM     TIME+ COMMAND
     58 root      20   0       0      0      0 R  94,1   0,0   0:16.78 kswapd0
   2483 vboxuser  20   0 1480644 787584   2688 R  82,4  39,1   0:18.85 mem.bash
   2484 vboxuser  20   0 1635216 842240   2816 R  76,5  41,8   0:18.77 mem2.ba+

MiB Mem :   1967,9 total,     65,5 free,   1821,4 used,     81,1 buff/cache
MiB Swap:   2680,0 total,    512,3 free,   2167,7 used.     27,9 avail Mem 
    PID USER      PR  NI    VIRT    RES    SHR S  %CPU  %MEM     TIME+ COMMAND
     58 root      20   0       0      0      0 R  78,9   0,0   0:17.84 kswapd0
   2483 vboxuser  20   0 1536348 796032   2688 R  68,4  39,5   0:19.82 mem.bash
   2484 vboxuser  20   0 1687488 830720   2816 R  68,4  41,2   0:19.72 mem2.ba+

MiB Mem :   1967,9 total,     63,3 free,   1822,6 used,     82,1 buff/cache
MiB Swap:   2680,0 total,    405,8 free,   2274,2 used.     26,3 avail Mem 
    PID USER      PR  NI    VIRT    RES    SHR S  %CPU  %MEM     TIME+ COMMAND
     58 root      20   0       0      0      0 R  93,8   0,0   0:18.96 kswapd0
   2484 vboxuser  20   0 1736988 817152   2816 R  87,5  40,6   0:20.70 mem2.ba+
   2483 vboxuser  20   0 1591524 802688   2688 R  75,0  39,8   0:20.83 mem.bash

MiB Mem :   1967,9 total,     66,1 free,   1819,6 used,     82,3 buff/cache
MiB Swap:   2680,0 total,    310,6 free,   2369,4 used.     29,2 avail Mem 
    PID USER      PR  NI    VIRT    RES    SHR S  %CPU  %MEM     TIME+ COMMAND
     58 root      20   0       0      0      0 R  93,8   0,0   0:20.06 kswapd0
   2484 vboxuser  20   0 1785300 815360   2816 R  81,2  40,5   0:21.70 mem2.ba+
   2483 vboxuser  20   0 1640760 806784   2688 R  75,0  40,0   0:21.80 mem.bash

MiB Mem :   1967,9 total,     65,3 free,   1831,5 used,     71,1 buff/cache
MiB Swap:   2680,0 total,    197,9 free,   2482,1 used.     23,7 avail Mem 
    PID USER      PR  NI    VIRT    RES    SHR S  %CPU  %MEM     TIME+ COMMAND
   2483 vboxuser  20   0 1704780 827136   2688 R  83,3  41,0   0:22.99 mem.bash
   2484 vboxuser  20   0 1835328 797952   2688 R  83,3  39,6   0:22.87 mem2.ba+
     58 root      20   0       0      0      0 R  77,8   0,0   0:21.30 kswapd0

MiB Mem :   1967,9 total,     66,2 free,   1834,9 used,     66,8 buff/cache
MiB Swap:   2680,0 total,     78,2 free,   2601,8 used.     23,0 avail Mem 
    PID USER      PR  NI    VIRT    RES    SHR S  %CPU  %MEM     TIME+ COMMAND
   2484 vboxuser  20   0 1897764 800896   2688 R  83,3  39,7   0:23.84 mem2.ba+
     58 root      20   0       0      0      0 R  72,2   0,0   0:22.42 kswapd0
   2483 vboxuser  20   0 1773684 845952   2688 R  72,2  42,0   0:23.90 mem.bash

MiB Mem :   1967,9 total,     65,5 free,   1857,4 used,     45,1 buff/cache
MiB Swap:   2680,0 total,      0,0 free,   2680,0 used.     11,4 avail Mem 
    PID USER      PR  NI    VIRT    RES    SHR S  %CPU  %MEM     TIME+ COMMAND
     58 root      20   0       0      0      0 R  60,9   0,0   0:23.30 kswapd0
   2484 vboxuser  20   0 1952148 806528   1536 R  56,5  40,0   0:24.74 mem2.ba+
   2483 vboxuser  20   0 1832556 867968   1536 R  47,8  43,1   0:24.79 mem.bash

MiB Mem :   1967,9 total,    674,0 free,   1215,2 used,     78,7 buff/cache
MiB Swap:   2680,0 total,   1100,5 free,   1579,4 used.    636,7 avail Mem 
    PID USER      PR  NI    VIRT    RES    SHR S  %CPU  %MEM     TIME+ COMMAND
   2483 vboxuser  20   0 1985544 981,5m   1408 R  93,8  49,9   0:26.67 mem.bash
     58 root      20   0       0      0      0 S   0,0   0,0   0:27.60 kswapd0

MiB Mem :   1967,9 total,    231,8 free,   1647,4 used,     88,8 buff/cache
MiB Swap:   2680,0 total,   1105,0 free,   1574,9 used.    198,9 avail Mem 
    PID USER      PR  NI    VIRT    RES    SHR S  %CPU  %MEM     TIME+ COMMAND
   2483 vboxuser  20   0 2327292   1,3g   1408 R 100,0  66,8   0:28.42 mem.bash
     58 root      20   0       0      0      0 S   0,0   0,0   0:27.60 kswapd0

MiB Mem :   1967,9 total,    141,5 free,   1737,3 used,     89,2 buff/cache
MiB Swap:   2680,0 total,   1094,8 free,   1585,2 used.    108,7 avail Mem 
    PID USER      PR  NI    VIRT    RES    SHR S  %CPU  %MEM     TIME+ COMMAND
   2483 vboxuser  20   0 2527008   1,5g   1408 R 100,0  76,2   0:29.61 mem.bash
     58 root      20   0       0      0      0 R  81,2   0,0   0:27.84 kswapd0

MiB Mem :   1967,9 total,    101,9 free,   1776,7 used,     89,3 buff/cache
MiB Swap:   2680,0 total,   1055,5 free,   1624,5 used.     69,3 avail Mem 
    PID USER      PR  NI    VIRT    RES    SHR S  %CPU  %MEM     TIME+ COMMAND
   2483 vboxuser  20   0 2602644   1,5g   1408 R 100,0  78,0   0:30.78 mem.bash
     58 root      20   0       0      0      0 R  81,2   0,0   0:28.75 kswapd0

MiB Mem :   1967,9 total,     62,5 free,   1817,9 used,     87,5 buff/cache
MiB Swap:   2680,0 total,   1016,4 free,   1663,6 used.     29,0 avail Mem 
    PID USER      PR  NI    VIRT    RES    SHR S  %CPU  %MEM     TIME+ COMMAND
   2483 vboxuser  20   0 2696760   1,6g   1408 R 100,0  80,8   0:31.97 mem.bash
     58 root      20   0       0      0      0 R  93,8   0,0   0:29.62 kswapd0

MiB Mem :   1967,9 total,     60,5 free,   1819,6 used,     87,9 buff/cache
MiB Swap:   2680,0 total,    964,7 free,   1715,3 used.     27,1 avail Mem 
    PID USER      PR  NI    VIRT    RES    SHR S  %CPU  %MEM     TIME+ COMMAND
   2483 vboxuser  20   0 2752200   1,6g   1408 R  88,2  80,9   0:33.12 mem.bash
     58 root      20   0       0      0      0 R  82,4   0,0   0:30.71 kswapd0

MiB Mem :   1967,9 total,     59,3 free,   1820,1 used,     88,6 buff/cache
MiB Swap:   2680,0 total,    915,7 free,   1764,3 used.     26,7 avail Mem 
    PID USER      PR  NI    VIRT    RES    SHR S  %CPU  %MEM     TIME+ COMMAND
     58 root      20   0       0      0      0 R  87,5   0,0   0:31.72 kswapd0
   2483 vboxuser  20   0 2802096   1,6g   1408 R  87,5  80,9   0:34.26 mem.bash

MiB Mem :   1967,9 total,     66,2 free,   1813,2 used,     88,5 buff/cache
MiB Swap:   2680,0 total,    863,4 free,   1816,6 used.     33,1 avail Mem 
    PID USER      PR  NI    VIRT    RES    SHR S  %CPU  %MEM     TIME+ COMMAND
   2483 vboxuser  20   0 2851068   1,6g   1408 R 100,0  80,7   0:35.42 mem.bash
     58 root      20   0       0      0      0 R 100,0   0,0   0:32.81 kswapd0

MiB Mem :   1967,9 total,     69,6 free,   1812,0 used,     86,4 buff/cache
MiB Swap:   2680,0 total,    810,0 free,   1870,0 used.     35,5 avail Mem 
    PID USER      PR  NI    VIRT    RES    SHR S  %CPU  %MEM     TIME+ COMMAND
   2483 vboxuser  20   0 2903208   1,6g   1408 R 100,0  80,9   0:36.58 mem.bash
     58 root      20   0       0      0      0 R  86,7   0,0   0:33.87 kswapd0

MiB Mem :   1967,9 total,     62,6 free,   1817,9 used,     87,4 buff/cache
MiB Swap:   2680,0 total,    759,3 free,   1920,7 used.     29,0 avail Mem 
    PID USER      PR  NI    VIRT    RES    SHR S  %CPU  %MEM     TIME+ COMMAND
   2483 vboxuser  20   0 2962080   1,6g   1408 R  87,5  81,2   0:37.73 mem.bash
     58 root      20   0       0      0      0 R  75,0   0,0   0:34.92 kswapd0

MiB Mem :   1967,9 total,     60,9 free,   1819,4 used,     87,5 buff/cache
MiB Swap:   2680,0 total,    705,4 free,   1974,6 used.     27,4 avail Mem 
    PID USER      PR  NI    VIRT    RES    SHR S  %CPU  %MEM     TIME+ COMMAND
     58 root      20   0       0      0      0 R 100,0   0,0   0:36.03 kswapd0
   2483 vboxuser  20   0 3019104   1,6g   1408 R 100,0  81,3   0:38.85 mem.bash

MiB Mem :   1967,9 total,     62,4 free,   1817,9 used,     87,5 buff/cache
MiB Swap:   2680,0 total,    653,7 free,   2026,3 used.     28,9 avail Mem 
    PID USER      PR  NI    VIRT    RES    SHR S  %CPU  %MEM     TIME+ COMMAND
   2483 vboxuser  20   0 3070584   1,6g   1408 R 100,0  81,3   0:39.99 mem.bash
     58 root      20   0       0      0      0 R  93,8   0,0   0:37.09 kswapd0

MiB Mem :   1967,9 total,     70,1 free,   1810,3 used,     87,5 buff/cache
MiB Swap:   2680,0 total,    606,1 free,   2073,9 used.     36,5 avail Mem 
    PID USER      PR  NI    VIRT    RES    SHR S  %CPU  %MEM     TIME+ COMMAND
   2483 vboxuser  20   0 3112692   1,6g   1408 R 100,0  80,9   0:41.15 mem.bash
     58 root      20   0       0      0      0 D 100,0   0,0   0:38.17 kswapd0

MiB Mem :   1967,9 total,     61,9 free,   1817,6 used,     88,4 buff/cache
MiB Swap:   2680,0 total,    557,8 free,   2122,2 used.     28,8 avail Mem 
    PID USER      PR  NI    VIRT    RES    SHR S  %CPU  %MEM     TIME+ COMMAND
     58 root      20   0       0      0      0 R 100,0   0,0   0:39.29 kswapd0
   2483 vboxuser  20   0 3167076   1,6g   1408 R  93,8  81,1   0:42.28 mem.bash

MiB Mem :   1967,9 total,     70,8 free,   1808,6 used,     88,5 buff/cache
MiB Swap:   2680,0 total,    505,6 free,   2174,4 used.     37,8 avail Mem 
    PID USER      PR  NI    VIRT    RES    SHR S  %CPU  %MEM     TIME+ COMMAND
   2483 vboxuser  20   0 3213672   1,6g   1408 R 100,0  80,8   0:43.41 mem.bash
     58 root      20   0       0      0      0 R 100,0   0,0   0:40.41 kswapd0

MiB Mem :   1967,9 total,     74,7 free,   1804,6 used,     88,7 buff/cache
MiB Swap:   2680,0 total,    462,6 free,   2217,4 used.     41,7 avail Mem 
    PID USER      PR  NI    VIRT    RES    SHR S  %CPU  %MEM     TIME+ COMMAND
   2483 vboxuser  20   0 3253272   1,5g   1408 R 100,0  80,6   0:44.58 mem.bash
     58 root      20   0       0      0      0 R  93,3   0,0   0:41.54 kswapd0

MiB Mem :   1967,9 total,     82,0 free,   1797,1 used,     88,9 buff/cache
MiB Swap:   2680,0 total,    415,0 free,   2265,0 used.     49,1 avail Mem 
    PID USER      PR  NI    VIRT    RES    SHR S  %CPU  %MEM     TIME+ COMMAND
   2483 vboxuser  20   0 3294984   1,5g   1408 R  93,8  80,2   0:45.71 mem.bash
     58 root      20   0       0      0      0 R  87,5   0,0   0:42.60 kswapd0

MiB Mem :   1967,9 total,     58,8 free,   1824,6 used,     84,6 buff/cache
MiB Swap:   2680,0 total,    367,0 free,   2313,0 used.     23,9 avail Mem 
    PID USER      PR  NI    VIRT    RES    SHR S  %CPU  %MEM     TIME+ COMMAND
   2483 vboxuser  20   0 3371676   1,6g   1408 R  93,8  81,9   0:46.84 mem.bash
     58 root      20   0       0      0      0 R  87,5   0,0   0:43.60 kswapd0

MiB Mem :   1967,9 total,     57,2 free,   1825,7 used,     85,0 buff/cache
MiB Swap:   2680,0 total,    317,2 free,   2362,8 used.     22,6 avail Mem 
    PID USER      PR  NI    VIRT    RES    SHR S  %CPU  %MEM     TIME+ COMMAND
     58 root      20   0       0      0      0 R 100,0   0,0   0:44.65 kswapd0
   2483 vboxuser  20   0 3423948   1,6g   1408 R 100,0  82,0   0:47.97 mem.bash

MiB Mem :   1967,9 total,     67,4 free,   1818,0 used,     82,6 buff/cache
MiB Swap:   2680,0 total,    272,4 free,   2407,6 used.     31,5 avail Mem 
    PID USER      PR  NI    VIRT    RES    SHR S  %CPU  %MEM     TIME+ COMMAND
     58 root      20   0       0      0      0 R 100,0   0,0   0:45.83 kswapd0
   2483 vboxuser  20   0 3463548   1,6g   1408 R 100,0  81,8   0:49.17 mem.bash

MiB Mem :   1967,9 total,     55,3 free,   1830,2 used,     82,4 buff/cache
MiB Swap:   2680,0 total,    226,9 free,   2453,1 used.     19,5 avail Mem 
    PID USER      PR  NI    VIRT    RES    SHR S  %CPU  %MEM     TIME+ COMMAND
     58 root      20   0       0      0      0 R 100,0   0,0   0:46.96 kswapd0
   2483 vboxuser  20   0 3522156   1,6g   1408 R 100,0  82,4   0:50.32 mem.bash

MiB Mem :   1967,9 total,     60,6 free,   1824,9 used,     82,4 buff/cache
MiB Swap:   2680,0 total,    179,3 free,   2500,7 used.     24,8 avail Mem 
    PID USER      PR  NI    VIRT    RES    SHR S  %CPU  %MEM     TIME+ COMMAND
     58 root      20   0       0      0      0 R 100,0   0,0   0:48.07 kswapd0
   2483 vboxuser  20   0 3566508   1,6g   1408 R 100,0  82,2   0:51.43 mem.bash

MiB Mem :   1967,9 total,     66,9 free,   1818,6 used,     82,4 buff/cache
MiB Swap:   2680,0 total,    136,5 free,   2543,5 used.     31,0 avail Mem 
    PID USER      PR  NI    VIRT    RES    SHR S  %CPU  %MEM     TIME+ COMMAND
   2483 vboxuser  20   0 3603468   1,6g   1408 R 100,0  81,8   0:52.60 mem.bash
     58 root      20   0       0      0      0 R 100,0   0,0   0:49.21 kswapd0

MiB Mem :   1967,9 total,     73,3 free,   1810,7 used,     84,0 buff/cache
MiB Swap:   2680,0 total,     95,6 free,   2584,4 used.     38,2 avail Mem 
    PID USER      PR  NI    VIRT    RES    SHR S  %CPU  %MEM     TIME+ COMMAND
     58 root      20   0       0      0      0 R 100,0   0,0   0:50.34 kswapd0
   2483 vboxuser  20   0 3639636   1,6g   1408 R 100,0  81,5   0:53.76 mem.bash

MiB Mem :   1967,9 total,     79,5 free,   1804,5 used,     84,0 buff/cache
MiB Swap:   2680,0 total,     54,7 free,   2625,3 used.     44,4 avail Mem 
    PID USER      PR  NI    VIRT    RES    SHR S  %CPU  %MEM     TIME+ COMMAND
   2483 vboxuser  20   0 3674880   1,6g   1408 R 100,0  81,1   0:54.93 mem.bash
     58 root      20   0       0      0      0 R 100,0   0,0   0:51.46 kswapd0

MiB Mem :   1967,9 total,     55,9 free,   1819,7 used,     92,3 buff/cache
MiB Swap:   2680,0 total,     13,7 free,   2666,3 used.     25,0 avail Mem 
    PID USER      PR  NI    VIRT    RES    SHR S  %CPU  %MEM     TIME+ COMMAND
   2483 vboxuser  20   0 3731376   1,6g   1408 R 100,0  81,8   0:56.10 mem.bash
     58 root      20   0       0      0      0 R 100,0   0,0   0:52.55 kswapd0

MiB Mem :   1967,9 total,   1680,3 free,    226,1 used,     61,5 buff/cache
MiB Swap:   2680,0 total,   2044,4 free,    635,6 used.   1634,1 avail Mem 
    PID USER      PR  NI    VIRT    RES    SHR S  %CPU  %MEM     TIME+ COMMAND
     58 root      20   0       0      0      0 S  47,4   0,0   1:02.61 kswapd0

